23:41:15 INFO  - Start test -->testLogin
23:41:15 INFO  - Start search --->By.xpath: //a[contains(.,'logOut')]
23:41:25 INFO  - By.xpath: //a[contains(.,'logOut')]<--- found
23:41:25 INFO  - Start search --->By.cssSelector: [href='/login']
23:41:25 INFO  - By.cssSelector: [href='/login']<--- found
23:41:25 INFO  - Start search --->By.cssSelector: [name='email']
23:41:25 INFO  - By.cssSelector: [name='email']<--- found
23:41:25 INFO  - Start search --->By.cssSelector: [name='email']
23:41:25 INFO  - By.cssSelector: [name='email']<--- found
23:41:25 INFO  - Start search --->By.cssSelector: [name='email']
23:41:25 INFO  - By.cssSelector: [name='email']<--- found
23:41:25 INFO  - Start search --->By.cssSelector: [name='password']
23:41:25 INFO  - By.cssSelector: [name='password']<--- found
23:41:25 INFO  - Start search --->By.cssSelector: [name='password']
23:41:25 INFO  - By.cssSelector: [name='password']<--- found
23:41:25 INFO  - Start search --->By.cssSelector: [name='password']
23:41:25 INFO  - By.cssSelector: [name='password']<--- found
23:41:25 INFO  - Start search --->By.cssSelector: [type='submit']
23:41:25 INFO  - By.cssSelector: [type='submit']<--- found
23:41:26 INFO  - Start search --->By.cssSelector: [type='submit']
23:41:26 INFO  - By.cssSelector: [type='submit']<--- found
23:41:26 INFO  - Start search --->By.xpath: //a[contains(.,'logOut')]
23:41:26 INFO  - By.xpath: //a[contains(.,'logOut')]<--- found
23:41:26 INFO  - The end of test -->testLogin
